2025-10-14T17:58:06.093Z info: Code : 200 - Message : La liste des articles a été récupérée avec succès !
2025-10-14T18:01:00.683Z info: Code : 200 - Message : La liste des articles a été récupérée avec succès !
2025-10-14T18:01:02.536Z info: Code : 200 - Message : La liste des articles a été récupérée avec succès !
2025-10-14T18:07:23.060Z info: Code : 200 - Message : La liste des articles a été récupérée avec succès !
2025-10-14T18:25:51.482Z info: Code : 200 - Message : La liste des articles a été récupérée avec succès !
2025-10-14T18:26:20.797Z info: Code : 200 - Message : La liste des articles a été récupérée avec succès !
2025-10-14T18:28:58.184Z info: Code : 200 - Message : La liste des articles a été récupérée avec succès !
2025-10-14T18:29:03.785Z info: Code : 200 - Message : La liste des articles a été récupérée avec succès !
2025-10-14T18:29:45.851Z info: Code : 200 - Message : Article crée avec succès !
2025-10-14T18:29:49.591Z info: Code : 200 - Message : La liste des articles a été récupérée avec succès !
2025-10-14T18:29:53.421Z info: Code : 200 - Message : La liste des articles a été récupérée avec succès !
2025-10-14T18:30:10.816Z info: Code : 200 - Message : La liste des articles a été récupérée avec succès !
2025-10-14T19:17:01.944Z info: Code : 200 - Message : Article crée avec succès !
2025-10-14T19:17:15.234Z info: Code : 200 - Message : La liste des articles a été récupérée avec succès !
2025-10-14T19:17:18.143Z info: Code : 200 - Message : La liste des articles a été récupérée avec succès !
2025-10-14T19:17:21.625Z info: Code : 200 - Message : La liste des articles a été récupérée avec succès !
2025-10-14T19:23:44.476Z info: Code : 200 - Message : Article crée avec succès !
2025-10-14T19:23:44.477Z info: Code : 721 - Message : Impossible de supprimer un article inexistant
2025-10-14T19:24:03.094Z info: Code : 200 - Message : La liste des articles a été récupérée avec succès !
2025-10-14T19:24:07.946Z info: Code : 200 - Message : La liste des articles a été récupérée avec succès !
2025-10-14T19:24:12.597Z info: Code : 200 - Message : La liste des articles a été récupérée avec succès !
2025-10-14T19:24:14.363Z info: Code : 200 - Message : La liste des articles a été récupérée avec succès !
2025-10-14T19:25:06.761Z info: Code : 200 - Message : La liste des articles a été récupérée avec succès !
2025-10-14T19:25:08.882Z info: Code : 200 - Message : La liste des articles a été récupérée avec succès !
2025-10-14T19:26:37.406Z info: Code : 200 - Message : Article crée avec succès !
2025-10-14T19:26:45.891Z info: Code : 200 - Message : La liste des articles a été récupérée avec succès !
2025-10-14T22:01:15.815Z info: Code : 200 - Message : Article crée avec succès !
2025-10-14T22:01:22.455Z info: Code : 200 - Message : La liste des articles a été récupérée avec succès !
2025-10-14T22:01:27.220Z info: Code : 200 - Message : La liste des articles a été récupérée avec succès !
2025-10-14T22:02:17.223Z info: Code : 200 - Message : La liste des articles a été récupérée avec succès !
2025-10-14T22:03:12.119Z info: Code : 200 - Message : La liste des articles a été récupérée avec succès !
2025-10-14T22:03:30.630Z info: Code : 200 - Message : Article crée avec succès !
2025-10-14T22:03:37.617Z info: Code : 200 - Message : La liste des articles a été récupérée avec succès !
2025-10-14T22:03:40.646Z info: Code : 200 - Message : La liste des articles a été récupérée avec succès !
2025-10-14T22:03:46.894Z info: Code : 200 - Message : La liste des articles a été récupérée avec succès !
2025-10-14T22:05:00.424Z info: Code : 200 - Message : La liste des articles a été récupérée avec succès !
2025-10-14T22:05:01.090Z info: Code : 200 - Message : La liste des articles a été récupérée avec succès !
2025-10-14T22:05:01.410Z info: Code : 200 - Message : La liste des articles a été récupérée avec succès !
2025-10-14T22:05:01.591Z info: Code : 200 - Message : La liste des articles a été récupérée avec succès !
2025-10-14T22:05:01.743Z info: Code : 200 - Message : La liste des articles a été récupérée avec succès !
2025-10-14T22:05:09.780Z info: Code : 200 - Message : L'article a été récupéré avec succès
2025-10-14T22:06:19.229Z info: Code : 200 - Message : La liste des articles a été récupérée avec succès !
2025-10-14T22:06:27.746Z info: Code : 200 - Message : La liste des articles a été récupérée avec succès !
2025-10-14T22:06:29.873Z info: Code : 200 - Message : La liste des articles a été récupérée avec succès !
2025-10-14T22:06:32.307Z info: Code : 200 - Message : La liste des articles a été récupérée avec succès !
2025-10-14T22:06:45.804Z info: Code : 200 - Message : Article crée avec succès !
2025-10-14T22:06:48.534Z info: Code : 200 - Message : La liste des articles a été récupérée avec succès !
2025-10-14T22:06:51.290Z info: Code : 200 - Message : La liste des articles a été récupérée avec succès !
2025-10-14T22:06:57.331Z info: Code : 200 - Message : L'article a été récupéré avec succès
2025-10-14T22:06:59.170Z info: Code : 200 - Message : L'article a été récupéré avec succès
2025-10-14T22:06:59.739Z info: Code : 200 - Message : L'article a été récupéré avec succès
2025-10-14T22:07:00.269Z info: Code : 200 - Message : L'article a été récupéré avec succès
2025-10-14T22:07:00.622Z info: Code : 200 - Message : L'article a été récupéré avec succès
2025-10-14T22:07:00.957Z info: Code : 200 - Message : L'article a été récupéré avec succès
2025-10-14T22:07:01.119Z info: Code : 200 - Message : L'article a été récupéré avec succès
2025-10-14T22:07:01.271Z info: Code : 200 - Message : L'article a été récupéré avec succès
2025-10-14T22:07:01.469Z info: Code : 200 - Message : L'article a été récupéré avec succès
2025-10-14T22:07:01.793Z info: Code : 200 - Message : L'article a été récupéré avec succès
2025-10-14T22:07:01.925Z info: Code : 200 - Message : L'article a été récupéré avec succès
2025-10-14T22:07:02.239Z info: Code : 200 - Message : L'article a été récupéré avec succès
2025-10-14T22:07:02.371Z info: Code : 200 - Message : L'article a été récupéré avec succès
2025-10-14T22:07:02.654Z info: Code : 200 - Message : L'article a été récupéré avec succès
2025-10-14T22:07:02.780Z info: Code : 200 - Message : L'article a été récupéré avec succès
2025-10-14T22:07:03.095Z info: Code : 200 - Message : L'article a été récupéré avec succès
2025-10-14T22:07:03.238Z info: Code : 200 - Message : L'article a été récupéré avec succès
2025-10-14T22:07:03.590Z info: Code : 200 - Message : L'article a été récupéré avec succès
2025-10-14T22:07:03.721Z info: Code : 200 - Message : L'article a été récupéré avec succès
2025-10-14T22:07:04.075Z info: Code : 200 - Message : L'article a été récupéré avec succès
2025-10-14T22:07:04.208Z info: Code : 200 - Message : L'article a été récupéré avec succès
2025-10-14T22:07:15.621Z info: Code : 200 - Message : L'article a été récupéré avec succès
2025-10-14T22:07:16.089Z info: Code : 200 - Message : L'article a été récupéré avec succès
2025-10-14T22:07:17.789Z info: Code : 200 - Message : La liste des articles a été récupérée avec succès !
2025-10-14T22:07:51.148Z info: Code : 200 - Message : Article crée avec succès !
2025-10-14T22:09:33.194Z info: Code : 200 - Message : La liste des articles a été récupérée avec succès !
2025-10-14T22:10:13.316Z info: Code : 200 - Message : Article crée avec succès !
2025-10-14T22:10:17.541Z info: Code : 200 - Message : La liste des articles a été récupérée avec succès !
2025-10-15T19:53:17.889Z info: Code : 200 - Message : La liste des articles a été récupérée avec succès !
2025-10-15T19:53:25.504Z info: Code : 200 - Message : Article crée avec succès !
2025-10-15T19:53:28.283Z info: Code : 200 - Message : La liste des articles a été récupérée avec succès !
2025-10-15T19:53:31.876Z info: Code : 200 - Message : La liste des articles a été récupérée avec succès !
2025-10-15T20:04:45.604Z info: Code : 200 - Message : La liste des articles a été récupérée avec succès !
2025-10-15T20:15:38.495Z info: Code : 200 - Message : La liste des articles a été récupérée avec succès !
2025-10-15T20:27:42.311Z info: Code : 200 - Message : La liste des articles a été récupérée avec succès !
2025-10-15T20:27:57.221Z info: Code : 200 - Message : La liste des articles a été récupérée avec succès !
2025-10-15T20:32:38.725Z info: Code : 200 - Message : La liste des articles a été récupérée avec succès !
2025-10-15T20:32:42.286Z info: Code : 200 - Message : La liste des articles a été récupérée avec succès !
2025-10-15T20:36:05.882Z info: Code : 200 - Message : La liste des articles a été récupérée avec succès !
2025-10-15T20:37:00.567Z info: Code : 200 - Message : La liste des articles a été récupérée avec succès !
2025-10-15T20:38:14.847Z info: Code : 200 - Message : La liste des articles a été récupérée avec succès !
2025-10-15T20:38:53.798Z info: Code : 200 - Message : La liste des articles a été récupérée avec succès !
2025-10-15T20:41:12.603Z info: Code : 200 - Message : La liste des articles a été récupérée avec succès !
2025-10-15T20:41:29.210Z info: Code : 200 - Message : La liste des articles a été récupérée avec succès !
2025-10-15T20:41:33.849Z info: Code : 200 - Message : La liste des articles a été récupérée avec succès !
2025-10-15T20:47:59.873Z info: Code : 200 - Message : La liste des articles a été récupérée avec succès !
2025-10-15T20:49:56.043Z info: Code : 200 - Message : La liste des articles a été récupérée avec succès !
2025-10-15T20:50:38.768Z info: Code : 200 - Message : La liste des articles a été récupérée avec succès !
2025-10-15T20:50:45.979Z info: Code : 200 - Message : La liste des articles a été récupérée avec succès !
2025-10-15T20:50:51.139Z info: Code : 200 - Message : La liste des articles a été récupérée avec succès !
2025-10-15T20:50:58.231Z info: Code : 200 - Message : La liste des articles a été récupérée avec succès !
2025-10-15T20:51:06.653Z info: Code : 200 - Message : L'article a été modifié avec succès
2025-10-15T20:51:11.700Z info: Code : 200 - Message : La liste des articles a été récupérée avec succès !
2025-10-15T20:51:27.082Z info: Code : 200 - Message : La liste des articles a été récupérée avec succès !
2025-10-15T20:55:29.695Z info: Code : 200 - Message : La liste des articles a été récupérée avec succès !
2025-10-15T20:55:38.218Z info: Code : 200 - Message : L'article a été modifié avec succès
2025-10-15T20:55:41.298Z info: Code : 200 - Message : La liste des articles a été récupérée avec succès !
2025-10-15T21:01:49.876Z info: Code : 200 - Message : La liste des articles a été récupérée avec succès !
2025-10-15T21:02:06.440Z info: Code : 200 - Message : L'article a été modifié avec succès
2025-10-15T21:02:17.051Z info: Code : 200 - Message : La liste des articles a été récupérée avec succès !
2025-10-15T21:02:18.828Z info: Code : 200 - Message : La liste des articles a été récupérée avec succès !
2025-10-15T21:07:40.345Z info: Code : 200 - Message : La liste des articles a été récupérée avec succès !
2025-10-15T21:12:41.705Z info: Code : 200 - Message : La liste des articles a été récupérée avec succès !
2025-10-15T21:12:45.015Z info: Code : 200 - Message : La liste des articles a été récupérée avec succès !
2025-10-15T21:12:47.161Z info: Code : 200 - Message : La liste des articles a été récupérée avec succès !
2025-10-15T21:12:48.045Z info: Code : 200 - Message : Article 4c41e0a1-b587-40fd-9ad7-42a4982426f5 supprimé avec succès
2025-10-15T21:12:51.740Z info: Code : 200 - Message : La liste des articles a été récupérée avec succès !
2025-10-15T21:13:37.951Z info: Code : 200 - Message : Article crée avec succès !
2025-10-15T21:13:40.368Z info: Code : 200 - Message : La liste des articles a été récupérée avec succès !
2025-10-15T21:13:42.963Z info: Code : 200 - Message : La liste des articles a été récupérée avec succès !
2025-10-15T21:13:43.754Z info: Code : 200 - Message : Article 18d8d260-6203-4295-8c56-ecd47bd6f3ec supprimé avec succès
2025-10-15T21:13:46.199Z info: Code : 200 - Message : La liste des articles a été récupérée avec succès !
2025-10-16T15:52:06.958Z info: Code : 200 - Message : La liste des articles a été récupérée avec succès !
2025-10-16T15:58:53.841Z info: The sended user request : {"email":"toto@gmail.com","password":"12345"}
2025-10-16T15:58:53.846Z info: Code : 200 - Message : Vous êtes connecté(e)
2025-10-16T15:58:57.387Z info: Code : 200 - Message : La liste des articles a été récupérée avec succès !
2025-10-16T15:59:03.486Z info: Code : 200 - Message : La liste des articles a été récupérée avec succès !
2025-10-16T15:59:05.779Z info: Code : 200 - Message : La liste des articles a été récupérée avec succès !
2025-10-16T15:59:08.731Z info: Code : 200 - Message : La liste des articles a été récupérée avec succès !
2025-10-16T16:00:32.748Z info: The sended user request : {"email":"toto@gmail.com","password":"12345"}
2025-10-16T16:00:32.749Z info: Code : 200 - Message : Vous êtes connecté(e)
2025-10-16T16:00:36.251Z info: Code : 200 - Message : La liste des articles a été récupérée avec succès !
2025-10-21T11:07:26.852Z info: The sended user request : {"email":"toto@gmail.com","password":"12345"}
2025-10-21T11:07:26.857Z info: Code : 200 - Message : Vous êtes connecté(e)
2025-10-21T11:07:28.579Z info: Code : 200 - Message : La liste des articles a été récupérée avec succès !
2025-10-21T11:33:07.025Z info: The sended user request : {"email":"toto@gmail.com","password":"12345"}
2025-10-21T11:33:07.026Z info: Code : 200 - Message : Vous êtes connecté(e)
2025-10-21T11:33:10.945Z info: Code : 200 - Message : Mot de passe réinitialisé avec succès
2025-10-21T11:33:43.518Z info: Code : 200 - Message : Mot de passe réinitialisé avec succès
2025-10-21T11:33:54.875Z info: The sended user request : {"email":"toto@gmail.com","password":"12345"}
2025-10-21T11:33:54.876Z info: Code : 200 - Message : Vous êtes connecté(e)
2025-10-21T11:34:37.781Z info: Code : 200 - Message : Mot de passe réinitialisé avec succès
2025-10-21T11:35:02.145Z info: The sended user request : {"email":"toto@gmail.com","password":"12345"}
2025-10-21T11:35:02.145Z info: Code : 200 - Message : Vous êtes connecté(e)
2025-10-21T11:35:06.437Z info: Code : 200 - Message : Mot de passe réinitialisé avec succès
2025-10-21T11:36:17.389Z info: The sended user request : {"email":"toto@gmail.com","password":"12345"}
2025-10-21T11:36:17.390Z info: Code : 200 - Message : Vous êtes connecté(e)
2025-10-21T11:36:22.358Z info: Code : 200 - Message : Mot de passe réinitialisé avec succès
2025-10-21T11:40:32.666Z info: The sended user request : {"email":"toto@gmail.com","password":"12345"}
2025-10-21T11:40:32.666Z info: Code : 200 - Message : Vous êtes connecté(e)
2025-10-21T11:40:38.393Z info: Code : 200 - Message : Mot de passe réinitialisé avec succès
2025-10-21T11:40:59.127Z info: The sended user request : {"email":"toto@gmail.com","password":"12345"}
2025-10-21T11:40:59.128Z info: Code : 768 - Message : Couple email/mot de passe incorrect
2025-10-21T11:41:01.415Z info: The sended user request : {"email":"toto@gmail.com","password":"j1Af3jPE"}
2025-10-21T11:41:01.416Z info: Code : 200 - Message : Vous êtes connecté(e)
2025-10-21T12:10:12.818Z info: The sended user request : {"email":"toto@gmail.com","password":"12345"}
2025-10-21T12:10:12.818Z info: Code : 768 - Message : Couple email/mot de passe incorrect
2025-10-21T12:10:18.517Z info: The sended user request : {"email":"toto@gmail.com","password":"j1Af3jPE"}
2025-10-21T12:10:18.518Z info: Code : 200 - Message : Vous êtes connecté(e)
2025-10-21T12:30:09.307Z info: The sended user request : {"email":"toto@gmail.com","password":"12345"}
2025-10-21T12:30:09.307Z info: Code : 768 - Message : Couple email/mot de passe incorrect
2025-10-21T12:30:15.772Z info: The sended user request : {"email":"toto@gmail.com","password":"j1Af3jPE"}
2025-10-21T12:30:15.773Z info: Code : 200 - Message : Vous êtes connecté(e)
2025-10-21T12:56:25.027Z info: Code : 200 - Message : Mot de passe réinitialisé avec succès
2025-10-21T12:56:39.617Z info: The sended user request : {"email":"toto@gmail.com","password":"[R!h7)F_"}
2025-10-21T12:56:39.618Z info: Code : 200 - Message : Vous êtes connecté(e)
2025-10-21T12:57:32.867Z info: The sended user request : {"email":"toto@gmail.com","password":"[R!h7)F_"}
2025-10-21T12:57:32.867Z info: Code : 200 - Message : Vous êtes connecté(e)
2025-10-21T12:59:20.134Z info: The sended user request : {"email":"toto@gmail.com","password":"[R!h7)F_"}
2025-10-21T12:59:20.135Z info: Code : 200 - Message : Vous êtes connecté(e)
2025-10-21T12:59:30.912Z info: Code : 200 - Message : Mot de passe réinitialisé avec succès
2025-10-21T13:01:04.435Z info: The sended user request : {"email":"toto@gmail.com","password":"12345"}
2025-10-21T13:01:04.435Z info: Code : 768 - Message : Couple email/mot de passe incorrect
2025-10-21T13:01:07.273Z info: The sended user request : {"email":"toto@gmail.com","password":"0BwCnd(&"}
2025-10-21T13:01:07.273Z info: Code : 200 - Message : Vous êtes connecté(e)
2025-10-21T13:01:11.093Z info: Code : 200 - Message : Mot de passe réinitialisé avec succès
2025-10-21T13:01:25.279Z info: The sended user request : {"email":"toto@gmail.com","password":"0BwCnd(&"}
2025-10-21T13:01:25.279Z info: Code : 768 - Message : Couple email/mot de passe incorrect
2025-10-21T13:03:35.216Z info: The sended user request : {"email":"toto@gmail.com","password":"12345"}
2025-10-21T13:03:35.220Z info: Code : 200 - Message : Vous êtes connecté(e)
2025-10-21T13:06:19.425Z info: Code : 200 - Message : Mot de passe réinitialisé avec succès
2025-10-21T13:07:48.554Z info: The sended user request : {"email":"toto@gmail.com","password":"12345"}
2025-10-21T13:07:48.558Z info: Code : 200 - Message : Vous êtes connecté(e)
2025-10-21T14:04:59.535Z info: Code : 712 - Message : L'email n'est plus valide
2025-10-21T14:05:11.451Z info: Code : 712 - Message : Le mot de passe de confirmation n'est pas identique
2025-10-21T14:25:10.517Z info: Code : 712 - Message : L'email n'est plus valide
2025-10-21T14:25:31.865Z info: Code : 712 - Message : Le mot de passe de confirmation n'est pas identique
2025-10-21T14:25:36.168Z info: Code : 200 - Message : Inscription effectuée avec succès
2025-10-21T14:26:05.120Z info: The sended user request : {"email":"theotim.alberteau@supdevinci-edu.fr","password":"test"}
2025-10-21T14:26:05.130Z info: Code : 200 - Message : Vous êtes connecté(e)
2025-10-21T14:26:07.416Z info: Code : 200 - Message : La liste des articles a été récupérée avec succès !
2025-10-21T14:38:32.769Z info: The sended user request : {"email":"toto@gmail.com","password":"12345"}
2025-10-21T14:38:32.770Z info: Code : 200 - Message : Vous êtes connecté(e)
2025-10-21T15:04:39.446Z info: The sended user request : {"email":"theotim.alberteau@supdevinci-edu.fr","password":"test"}
2025-10-21T15:04:39.446Z info: Code : 200 - Message : Vous êtes connecté(e)
2025-10-21T15:06:15.687Z info: The sended user request : {"email":"toto@gmail.com","password":"12345"}
2025-10-21T15:06:15.688Z info: Code : 200 - Message : Vous êtes connecté(e)
2025-10-21T15:29:00.378Z info: The sended user request : {"email":"toto@gmail.com","password":"12345"}
2025-10-21T15:29:00.379Z info: Code : 200 - Message : Vous êtes connecté(e)
2025-10-21T15:35:12.394Z info: The sended user request : {"email":"toto@gmail.com","password":"12345"}
2025-10-21T15:35:12.394Z info: Code : 200 - Message : Vous êtes connecté(e)
2025-10-21T15:41:16.549Z info: The sended user request : {"email":"theotim.alberteau@supdevinci-edu.fr","password":"test"}
2025-10-21T15:41:16.550Z info: Code : 200 - Message : Vous êtes connecté(e)
2025-10-21T15:50:11.182Z info: Code : 200 - Message : Informations utilisateur récupérées avec succès.
2025-10-21T15:50:32.018Z info: Code : 200 - Message : Informations utilisateur récupérées avec succès.
2025-10-21T15:56:06.934Z info: Code : 200 - Message : Informations utilisateur récupérées avec succès.
2025-10-21T15:56:59.871Z info: Code : 200 - Message : Informations utilisateur récupérées avec succès.
2025-10-21T15:57:07.268Z info: Code : 200 - Message : Informations utilisateur récupérées avec succès.
2025-10-21T15:57:14.617Z info: Code : 200 - Message : Informations utilisateur récupérées avec succès.
2025-10-21T15:57:31.487Z info: Code : 200 - Message : Informations utilisateur récupérées avec succès.
2025-10-21T15:58:48.273Z info: Code : 200 - Message : Informations utilisateur récupérées avec succès.
2025-10-21T15:59:06.088Z info: Code : 200 - Message : Informations utilisateur récupérées avec succès.
2025-10-21T15:59:10.526Z info: Code : 200 - Message : Informations utilisateur récupérées avec succès.
2025-10-21T16:08:00.194Z info: Code : 200 - Message : La liste des articles a été récupérée avec succès !
2025-10-21T16:08:13.769Z info: Code : 200 - Message : La liste des articles a été récupérée avec succès !
2025-10-21T16:08:48.276Z info: Code : 200 - Message : Informations utilisateur récupérées avec succès.
2025-10-21T16:09:58.435Z info: Code : 200 - Message : Informations utilisateur récupérées avec succès.
2025-10-21T16:11:58.893Z info: Code : 200 - Message : Informations utilisateur récupérées avec succès.
2025-10-21T16:12:12.746Z info: Code : 200 - Message : Informations utilisateur récupérées avec succès.
2025-10-21T16:18:11.145Z info: The sended user request : {"email":"theotim.alberteau@supdevinci-edu.fr","password":"test"}
2025-10-21T16:18:11.146Z info: Code : 768 - Message : Couple email/mot de passe incorrect
2025-10-21T16:20:12.777Z info: The sended user request : {"email":"toto@gmail.com","password":"12345"}
2025-10-21T16:20:12.779Z info: Code : 200 - Message : Vous êtes connecté(e)
2025-10-21T16:20:20.767Z info: Code : 200 - Message : La liste des articles a été récupérée avec succès !
2025-10-21T16:20:24.031Z info: Code : 200 - Message : Informations utilisateur récupérées avec succès.
2025-10-21T16:26:12.106Z info: The sended user request : {"email":"toto@gmail.com","password":"12345"}
2025-10-21T16:26:12.107Z info: Code : 200 - Message : Vous êtes connecté(e)
2025-10-21T16:26:15.690Z info: Code : 200 - Message : La liste des articles a été récupérée avec succès !
2025-10-21T16:26:24.475Z info: Code : 200 - Message : La liste des articles a été récupérée avec succès !
2025-10-21T16:26:27.831Z info: Code : 200 - Message : La liste des articles a été récupérée avec succès !
2025-10-21T16:27:10.673Z info: Code : 200 - Message : La liste des articles a été récupérée avec succès !
2025-10-21T16:27:23.237Z info: Code : 200 - Message : La liste des articles a été récupérée avec succès !
2025-10-21T16:27:25.290Z info: Code : 200 - Message : La liste des articles a été récupérée avec succès !
2025-10-21T16:27:38.059Z info: Code : 200 - Message : Informations utilisateur récupérées avec succès.
2025-10-21T16:27:58.342Z info: Code : 200 - Message : Mot de passe réinitialisé avec succès
2025-10-21T16:28:30.521Z info: The sended user request : {"email":"toto@gmail.com","password":"12345"}
2025-10-21T16:28:30.521Z info: Code : 768 - Message : Couple email/mot de passe incorrect
2025-10-21T16:28:36.576Z info: The sended user request : {"email":"toto@gmail.com","password":"Vw7JT(Da"}
2025-10-21T16:28:36.576Z info: Code : 200 - Message : Vous êtes connecté(e)
2025-10-21T16:37:31.791Z info: Code : 200 - Message : La liste des articles a été récupérée avec succès !
2025-10-21T16:37:37.547Z info: Code : 200 - Message : La liste des articles a été récupérée avec succès !
2025-10-21T16:37:41.231Z info: Code : 200 - Message : Informations utilisateur récupérées avec succès.
2025-10-27T16:39:35.866Z info: The sended user request : {"email":"theotim.alberteau@supdevinci-edu.fr","password":"test"}
2025-10-27T16:39:35.871Z info: Code : 200 - Message : Vous êtes connecté(e)
2025-10-27T16:39:37.887Z info: Code : 200 - Message : La liste des articles a été récupérée avec succès !
2025-10-27T16:39:39.832Z info: Code : 200 - Message : La liste des articles a été récupérée avec succès !
2025-10-27T16:40:35.846Z info: Code : 200 - Message : La liste des articles a été récupérée avec succès !
2025-10-27T16:40:44.885Z info: Code : 200 - Message : Informations utilisateur récupérées avec succès.
2025-10-27T16:40:52.947Z info: Code : 200 - Message : La liste des articles a été récupérée avec succès !
2025-10-27T16:42:06.497Z info: The sended user request : {"email":"theotim.alberteau@supdevinci-edu.fr","password":"test"}
2025-10-27T16:42:06.498Z info: Code : 200 - Message : Vous êtes connecté(e)
2025-10-27T16:42:08.549Z info: Code : 200 - Message : La liste des articles a été récupérée avec succès !
2025-10-27T16:48:15.733Z info: The sended user request : {"email":"theotim.alberteau@supdevinci-edu.fr","password":"test"}
2025-10-27T16:48:15.734Z info: Code : 200 - Message : Vous êtes connecté(e)
2025-12-04T10:20:46.408Z info: The sended user request : {"email":"theotim.alberteau@supdevinci-edu.fr","password":"test"}
2025-12-04T10:20:48.917Z info: The sended user request : {"email":"theotim.alberteau@supdevinci-edu.fr","password":"test"}
2025-12-04T10:20:51.476Z info: The sended user request : {"email":"theotim.alberteau@supdevinci-edu.fr","password":"test"}
2025-12-04T10:20:51.706Z info: The sended user request : {"email":"theotim.alberteau@supdevinci-edu.fr","password":"test"}
2025-12-04T10:20:51.929Z info: The sended user request : {"email":"theotim.alberteau@supdevinci-edu.fr","password":"test"}
2025-12-04T10:20:52.156Z info: The sended user request : {"email":"theotim.alberteau@supdevinci-edu.fr","password":"test"}
2025-12-04T10:20:56.439Z error: Erreur lors de la connexion: Operation `users.findOne()` buffering timed out after 10000ms
2025-12-04T10:20:56.440Z info: Code : 500 - Message : Erreur serveur lors de la connexion
2025-12-04T10:20:56.457Z info: The sended user request : {"email":"theotim.alberteau@supdevinci-edu.fr","password":"test"}
2025-12-04T10:20:58.935Z error: Erreur lors de la connexion: Operation `users.findOne()` buffering timed out after 10000ms
2025-12-04T10:20:58.937Z info: Code : 500 - Message : Erreur serveur lors de la connexion
2025-12-04T10:20:58.943Z info: The sended user request : {"email":"theotim.alberteau@supdevinci-edu.fr","password":"test"}
2025-12-04T10:21:01.484Z error: Erreur lors de la connexion: Operation `users.findOne()` buffering timed out after 10000ms
2025-12-04T10:21:01.485Z info: Code : 500 - Message : Erreur serveur lors de la connexion
2025-12-04T10:21:01.490Z info: The sended user request : {"email":"theotim.alberteau@supdevinci-edu.fr","password":"test"}
2025-12-04T10:21:01.725Z error: Erreur lors de la connexion: Operation `users.findOne()` buffering timed out after 10000ms
2025-12-04T10:21:01.727Z info: Code : 500 - Message : Erreur serveur lors de la connexion
2025-12-04T10:21:01.734Z info: The sended user request : {"email":"theotim.alberteau@supdevinci-edu.fr","password":"test"}
2025-12-04T10:21:01.949Z error: Erreur lors de la connexion: Operation `users.findOne()` buffering timed out after 10000ms
2025-12-04T10:21:01.951Z info: Code : 500 - Message : Erreur serveur lors de la connexion
2025-12-04T10:21:01.955Z info: The sended user request : {"email":"theotim.alberteau@supdevinci-edu.fr","password":"test"}
2025-12-04T10:21:02.169Z error: Erreur lors de la connexion: Operation `users.findOne()` buffering timed out after 10000ms
2025-12-04T10:21:02.170Z info: Code : 500 - Message : Erreur serveur lors de la connexion
2025-12-04T10:21:02.175Z info: The sended user request : {"email":"theotim.alberteau@supdevinci-edu.fr","password":"test"}
2025-12-04T10:21:06.462Z error: Erreur lors de la connexion: Operation `users.findOne()` buffering timed out after 10000ms
2025-12-04T10:21:06.463Z info: Code : 500 - Message : Erreur serveur lors de la connexion
2025-12-04T10:21:06.469Z info: The sended user request : {"email":"theotim.alberteau@supdevinci-edu.fr","password":"test"}
2025-12-04T10:21:08.954Z error: Erreur lors de la connexion: Operation `users.findOne()` buffering timed out after 10000ms
2025-12-04T10:21:08.955Z info: Code : 500 - Message : Erreur serveur lors de la connexion
2025-12-04T10:21:08.960Z info: The sended user request : {"email":"theotim.alberteau@supdevinci-edu.fr","password":"test"}
2025-12-04T10:21:11.498Z error: Erreur lors de la connexion: Operation `users.findOne()` buffering timed out after 10000ms
2025-12-04T10:21:11.499Z info: Code : 500 - Message : Erreur serveur lors de la connexion
2025-12-04T10:21:11.504Z info: The sended user request : {"email":"theotim.alberteau@supdevinci-edu.fr","password":"test"}
2025-12-04T10:21:11.746Z error: Erreur lors de la connexion: Operation `users.findOne()` buffering timed out after 10000ms
2025-12-04T10:21:11.748Z info: Code : 500 - Message : Erreur serveur lors de la connexion
2025-12-04T10:21:11.752Z info: The sended user request : {"email":"theotim.alberteau@supdevinci-edu.fr","password":"test"}
2025-12-04T10:21:11.971Z error: Erreur lors de la connexion: Operation `users.findOne()` buffering timed out after 10000ms
2025-12-04T10:21:11.974Z info: Code : 500 - Message : Erreur serveur lors de la connexion
2025-12-04T10:21:11.978Z info: The sended user request : {"email":"theotim.alberteau@supdevinci-edu.fr","password":"test"}
2025-12-04T10:21:12.179Z error: Erreur lors de la connexion: Operation `users.findOne()` buffering timed out after 10000ms
2025-12-04T10:21:12.180Z info: Code : 500 - Message : Erreur serveur lors de la connexion
2025-12-04T10:21:12.184Z info: The sended user request : {"email":"theotim.alberteau@supdevinci-edu.fr","password":"test"}
2025-12-04T10:21:16.475Z error: Erreur lors de la connexion: Operation `users.findOne()` buffering timed out after 10000ms
2025-12-04T10:21:16.476Z info: Code : 500 - Message : Erreur serveur lors de la connexion
2025-12-04T10:21:18.977Z error: Erreur lors de la connexion: Operation `users.findOne()` buffering timed out after 10000ms
2025-12-04T10:21:18.978Z info: Code : 500 - Message : Erreur serveur lors de la connexion
2025-12-04T10:21:21.510Z error: Erreur lors de la connexion: Operation `users.findOne()` buffering timed out after 10000ms
2025-12-04T10:21:21.511Z info: Code : 500 - Message : Erreur serveur lors de la connexion
2025-12-04T10:21:21.764Z error: Erreur lors de la connexion: Operation `users.findOne()` buffering timed out after 10000ms
2025-12-04T10:21:21.765Z info: Code : 500 - Message : Erreur serveur lors de la connexion
2025-12-04T10:21:21.985Z error: Erreur lors de la connexion: Operation `users.findOne()` buffering timed out after 10000ms
2025-12-04T10:21:21.986Z info: Code : 500 - Message : Erreur serveur lors de la connexion
2025-12-04T10:21:22.192Z error: Erreur lors de la connexion: Operation `users.findOne()` buffering timed out after 10000ms
2025-12-04T10:21:22.193Z info: Code : 500 - Message : Erreur serveur lors de la connexion
2025-12-04T10:23:49.000Z info: The sended user request : {"email":"theotim.alberteau@supdevinci-edu.fr","password":"test"}
2025-12-04T10:23:59.008Z error: Erreur lors de la connexion: Operation `users.findOne()` buffering timed out after 10000ms
2025-12-04T10:23:59.009Z info: Code : 500 - Message : Erreur serveur lors de la connexion
2025-12-04T10:31:10.778Z info: The sended user request : {"email":"theotim.alberteau@supdevinci-edu.fr","password":"test"}
2025-12-04T10:31:11.940Z info: The sended user request : {"email":"theotim.alberteau@supdevinci-edu.fr","password":"test"}
2025-12-04T10:31:12.102Z info: The sended user request : {"email":"theotim.alberteau@supdevinci-edu.fr","password":"test"}
2025-12-04T10:31:18.417Z info: The sended user request : {"email":"theotim.alberteau@supdevinci-edu.fr","password":"test"}
2025-12-04T10:31:20.800Z error: Erreur lors de la connexion: Operation `users.findOne()` buffering timed out after 10000ms
2025-12-04T10:31:20.801Z info: Code : 500 - Message : Erreur serveur lors de la connexion
2025-12-04T10:31:21.943Z error: Erreur lors de la connexion: Operation `users.findOne()` buffering timed out after 10000ms
2025-12-04T10:31:21.944Z info: Code : 500 - Message : Erreur serveur lors de la connexion
2025-12-04T10:31:22.115Z error: Erreur lors de la connexion: Operation `users.findOne()` buffering timed out after 10000ms
2025-12-04T10:31:22.115Z info: Code : 500 - Message : Erreur serveur lors de la connexion
2025-12-04T10:31:28.425Z error: Erreur lors de la connexion: Operation `users.findOne()` buffering timed out after 10000ms
2025-12-04T10:31:28.426Z info: Code : 500 - Message : Erreur serveur lors de la connexion
2025-12-04T10:33:56.807Z info: The sended user request : {"email":"theotim.alberteau@supdevinci-edu.fr","password":"test"}
2025-12-04T10:33:56.868Z info: Code : 768 - Message : Couple email/mot de passe incorrect
2025-12-04T10:33:58.831Z info: The sended user request : {"email":"theotim.alberteau@supdevinci-edu.fr","password":"test"}
2025-12-04T10:33:58.882Z info: Code : 768 - Message : Couple email/mot de passe incorrect
2025-12-04T10:35:19.249Z info: The sended user request : {"email":"theotim.alberteau@supdevinci-edu.fr","password":"test"}
2025-12-04T10:35:19.305Z info: Code : 200 - Message : Vous êtes connecté(e)
2025-12-04T10:35:31.670Z info: Code : 500 - Message : Erreur serveur lors de la récupération des articles
2025-12-04T10:39:04.620Z info: The sended user request : {"email":"toto@gmail.com","password":"12345"}
2025-12-04T10:39:04.649Z info: Code : 200 - Message : Vous êtes connecté(e)
2025-12-04T10:39:53.258Z info: Code : 200 - Message : Inscription effectuée avec succès
2025-12-04T10:40:31.989Z info: The sended user request : {"email":"sunshouwu@outlook.com","password":"angular"}
2025-12-04T10:40:32.025Z info: Code : 200 - Message : Vous êtes connecté(e)
2025-12-04T10:40:44.793Z info: Code : 500 - Message : Erreur serveur lors de la récupération des articles
2025-12-04T10:41:48.669Z info: Code : 500 - Message : Erreur serveur lors de la récupération des articles
2025-12-04T10:42:27.690Z info: Code : 200 - Message : La liste des articles a été récupérée avec succès !
